<?xml version="1.0" encoding="utf-8"?><testsuites name="pytest tests"><testsuite name="pytest" errors="0" failures="0" skipped="0" tests="43" time="12.212" timestamp="2026-06-27T07:03:31.125229+00:00" hostname="agent-env-fbbe8434-85aa-4807-9ad1-8fcbd53634f5"><testcase classname="backend.tests.backend_test" name="test_health" time="0.242" /><testcase classname="backend.tests.backend_test" name="test_login_user" time="0.553" /><testcase classname="backend.tests.backend_test" name="test_login_invalid" time="0.267" /><testcase classname="backend.tests.backend_test" name="test_me_pre_onboard" time="0.046" /><testcase classname="backend.tests.backend_test" name="test_me_post_onboard" time="0.096" /><testcase classname="backend.tests.backend_test" name="test_update_profile" time="0.089" /><testcase classname="backend.tests.backend_test" name="test_update_language" time="0.181" /><testcase classname="backend.tests.backend_test" name="test_candidate_detail" time="0.120" /><testcase classname="backend.tests.backend_test" name="test_photo_unlock_request" time="0.052" /><testcase classname="backend.tests.backend_test" name="test_save_unsave" time="0.289" /><testcase classname="backend.tests.backend_test" name="test_message_flow" time="0.153" /><testcase classname="backend.tests.backend_test" name="test_verification_request" time="0.051" /><testcase classname="backend.tests.backend_test" name="test_create_payment_premium" time="0.054" /><testcase classname="backend.tests.backend_test" name="test_create_payment_topup" time="0.043" /><testcase classname="backend.tests.backend_test" name="test_payment_topup_too_small" time="0.047" /><testcase classname="backend.tests.backend_test" name="test_click_callback_unknown_order" time="0.043" /><testcase classname="backend.tests.backend_test" name="test_referral" time="0.045" /><testcase classname="backend.tests.backend_test" name="test_notifications" time="0.089" /><testcase classname="backend.tests.backend_test" name="test_admin_stats" time="0.322" /><testcase classname="backend.tests.backend_test" name="test_admin_users_search" time="0.045" /><testcase classname="backend.tests.backend_test" name="test_admin_add_balance" time="0.091" /><testcase classname="backend.tests.backend_test" name="test_admin_payments_list" time="0.044" /><testcase classname="backend.tests.backend_test" name="test_admin_verifications_list" time="0.049" /><testcase classname="backend.tests.backend_test" name="test_gift_send" time="0.097" /><testcase classname="backend.tests.backend_test" name="test_leaderboard" time="0.194" /><testcase classname="backend.tests.backend_test" name="test_admin_confirm_payment" time="0.137" /><testcase classname="backend.tests.test_new_features.TestFileUpload" name="test_upload_image_success" time="1.364" /><testcase classname="backend.tests.test_new_features.TestFileUpload" name="test_upload_non_image_rejected" time="0.103" /><testcase classname="backend.tests.test_new_features.TestFilters" name="test_set_and_get_filters" time="0.214" /><testcase classname="backend.tests.test_new_features.TestFilters" name="test_filter_blocks_send" time="0.577" /><testcase classname="backend.tests.test_new_features.TestFilters" name="test_super_bypasses_filter" time="0.519" /><testcase classname="backend.tests.test_new_features.TestResponseTime" name="test_b_reply_updates_avg_response_min" time="2.296" /><testcase classname="backend.tests.test_new_features.TestBlockReport" name="test_block" time="0.176" /><testcase classname="backend.tests.test_new_features.TestBlockReport" name="test_report" time="0.129" /><testcase classname="backend.tests.test_new_features.TestGifts" name="test_gift_kinds[rose-50]" time="0.527" /><testcase classname="backend.tests.test_new_features.TestGifts" name="test_gift_kinds[box-200]" time="0.494" /><testcase classname="backend.tests.test_new_features.TestGifts" name="test_gift_kinds[diamond-500]" time="0.530" /><testcase classname="backend.tests.test_new_features.TestGifts" name="test_gift_kinds[crown-1500]" time="0.484" /><testcase classname="backend.tests.test_new_features.TestGifts" name="test_gift_insufficient" time="0.335" /><testcase classname="backend.tests.test_new_features.TestTelegramWebhook" name="test_no_secret" time="0.093" /><testcase classname="backend.tests.test_new_features.TestTelegramWebhook" name="test_wrong_secret" time="0.090" /><testcase classname="backend.tests.test_new_features.TestBroadcast" name="test_broadcast_daily_cap" time="0.343" /><testcase classname="backend.tests.test_new_features.TestExpiry" name="test_plan_auto_downgrade" time="0.144" /></testsuite></testsuites>