<?xml version="1.0" encoding="utf-8"?><testsuites name="pytest tests"><testsuite name="pytest" errors="0" failures="0" skipped="0" tests="49" time="17.364" timestamp="2026-06-27T07:34:36.515148+00:00" hostname="agent-env-fbbe8434-85aa-4807-9ad1-8fcbd53634f5"><testcase classname="backend.tests.backend_test" name="test_health" time="0.282" /><testcase classname="backend.tests.backend_test" name="test_login_user" time="0.541" /><testcase classname="backend.tests.backend_test" name="test_login_invalid" time="0.266" /><testcase classname="backend.tests.backend_test" name="test_me_pre_onboard" time="0.044" /><testcase classname="backend.tests.backend_test" name="test_me_post_onboard" time="0.089" /><testcase classname="backend.tests.backend_test" name="test_update_profile" time="0.128" /><testcase classname="backend.tests.backend_test" name="test_update_language" time="0.215" /><testcase classname="backend.tests.backend_test" name="test_candidate_detail" time="0.095" /><testcase classname="backend.tests.backend_test" name="test_photo_unlock_request" time="0.047" /><testcase classname="backend.tests.backend_test" name="test_save_unsave" time="0.270" /><testcase classname="backend.tests.backend_test" name="test_message_flow" time="0.136" /><testcase classname="backend.tests.backend_test" name="test_verification_request" time="0.045" /><testcase classname="backend.tests.backend_test" name="test_create_payment_premium" time="0.044" /><testcase classname="backend.tests.backend_test" name="test_create_payment_topup" time="0.044" /><testcase classname="backend.tests.backend_test" name="test_payment_topup_too_small" time="0.082" /><testcase classname="backend.tests.backend_test" name="test_click_callback_unknown_order" time="0.043" /><testcase classname="backend.tests.backend_test" name="test_referral" time="0.045" /><testcase classname="backend.tests.backend_test" name="test_notifications" time="0.086" /><testcase classname="backend.tests.backend_test" name="test_admin_stats" time="0.310" /><testcase classname="backend.tests.backend_test" name="test_admin_users_search" time="0.043" /><testcase classname="backend.tests.backend_test" name="test_admin_add_balance" time="0.086" /><testcase classname="backend.tests.backend_test" name="test_admin_payments_list" time="0.042" /><testcase classname="backend.tests.backend_test" name="test_admin_verifications_list" time="0.043" /><testcase classname="backend.tests.backend_test" name="test_gift_send" time="0.089" /><testcase classname="backend.tests.backend_test" name="test_leaderboard" time="0.188" /><testcase classname="backend.tests.backend_test" name="test_admin_confirm_payment" time="0.170" /><testcase classname="backend.tests.test_new_features.TestFileUpload" name="test_upload_image_success" time="1.226" /><testcase classname="backend.tests.test_new_features.TestFileUpload" name="test_upload_non_image_rejected" time="0.098" /><testcase classname="backend.tests.test_new_features.TestFilters" name="test_set_and_get_filters" time="0.187" /><testcase classname="backend.tests.test_new_features.TestFilters" name="test_filter_blocks_send" time="0.544" /><testcase classname="backend.tests.test_new_features.TestFilters" name="test_super_bypasses_filter" time="0.513" /><testcase classname="backend.tests.test_new_features.TestResponseTime" name="test_b_reply_updates_avg_response_min" time="2.296" /><testcase classname="backend.tests.test_new_features.TestBlockReport" name="test_block" time="0.095" /><testcase classname="backend.tests.test_new_features.TestBlockReport" name="test_report" time="0.102" /><testcase classname="backend.tests.test_new_features.TestGifts" name="test_gift_kinds[rose-50]" time="0.490" /><testcase classname="backend.tests.test_new_features.TestGifts" name="test_gift_kinds[box-200]" time="0.475" /><testcase classname="backend.tests.test_new_features.TestGifts" name="test_gift_kinds[diamond-500]" time="0.468" /><testcase classname="backend.tests.test_new_features.TestGifts" name="test_gift_kinds[crown-1500]" time="0.513" /><testcase classname="backend.tests.test_new_features.TestGifts" name="test_gift_insufficient" time="0.285" /><testcase classname="backend.tests.test_new_features.TestTelegramWebhook" name="test_no_secret" time="0.091" /><testcase classname="backend.tests.test_new_features.TestTelegramWebhook" name="test_wrong_secret" time="0.095" /><testcase classname="backend.tests.test_new_features.TestBroadcast" name="test_broadcast_daily_cap" time="0.332" /><testcase classname="backend.tests.test_new_features.TestExpiry" name="test_plan_auto_downgrade" time="0.099" /><testcase classname="backend.tests.test_zz_iteration3.TestWebSocketBasic" name="test_ws_invalid_token_closes" time="0.161" /><testcase classname="backend.tests.test_zz_iteration3.TestWebSocketBasic" name="test_ws_connect_and_ping" time="0.611" /><testcase classname="backend.tests.test_zz_iteration3.TestRealtimeMessage" name="test_message_pushed_to_both" time="1.382" /><testcase classname="backend.tests.test_zz_iteration3.TestRealtimeGift" name="test_gift_pushed_via_ws" time="1.194" /><testcase classname="backend.tests.test_zz_iteration3.TestAuthRateLimit" name="test_login_rate_limit" time="2.365" /><testcase classname="backend.tests.test_zz_iteration3.TestBroadcastDryRun" name="test_dry_run_does_not_send" time="0.102" /></testsuite></testsuites>